2021-01-08 01:45:37.551  WARN 4204 --- [http-nio-80-exec-9] .m.m.a.ExceptionHandlerExceptionResolver : Resolved [org.springframework.web.HttpRequestMethodNotSupportedException: Request method 'POST' not supported]
2021-01-08 02:22:25.346  WARN 4204 --- [http-nio-80-exec-6] .m.m.a.ExceptionHandlerExceptionResolver : Resolved [org.springframework.web.HttpRequestMethodNotSupportedException: Request method 'POST' not supported]
2021-01-08 02:44:42.867  INFO 4204 --- [http-nio-80-exec-1] o.apache.tomcat.util.http.parser.Cookie  : A cookie header was received [phtml,php3"; CTHK_2132_saltkey=jdhHcCdD; CTHK_2132_lastvisit=1610039842; CTHK_2132_sid=O3xesw; CTHK_2132_lastact=1610043442%09forum.php%09; acw_tc=2f6a1f8616100434779046800e4bc11afc7e1abf907b3d7e02f5e505e2cff1; JSESSIONID=0765CF6A5B9E7E2394452B603589C25E; InitSiteID=64817; SiteType=1; IsDefaultLang=1; WUserID=15371769350696; Lang=cn; yz_site=isSite; _d_id=c1320640a71abd3e5f09735f44f3cf; d2d977c58444271d9c780187e93f80e5=think%3A%7B%22verify_code%22%3A%22489974c074444c6d123ea85a576a724f%22%2C%22verify_time%22%3A%221610043845%22%7D; sitepath=%2F; liketrue=1; X_CACHE_KEY=60aebbe08644b78555d671d7e4d3a26c; XSRF-TOKEN=eyJpdiI6IjVoeVBiK25UTXc5M2FtYUZzS1BcLzJRPT0iLCJ2YWx1ZSI6IlRnMU40M08xbXhCWGVWdWxLVTVwRXVya1VicVhTNTAyMTI4M1wvZk5sRWZWdkZYeG9HMm9VZkVMemVwbWRYcEw1Z0dLTzN0NFwvcUhDeDRZeG0wNUZTdmc9PSIsIm1hYyI6ImFkMTllODJmNWI2NDFhN2VjNGIwOWExMWFhYWE3N2ZkNWZhYTE3NmJkNTA4ZTA1NWZlYTU3MjA4NWExZDZmZGMifQ%3D%3D; session_588v=eyJpdiI6ImpXajNKVlFGVnpiOVEzalNHOVZadlE9PSIsInZhbHVlIjoibk5Gb0xwWWtvazdMYWRtRTZpeU1WZWJpaEpjWlwvcWxHeTJ4SGtDbVJwSG1udEpPMEFIVnY0OWpcLzh2SG1xWVwvZnBwRGlacFYxNkJZdGdnVnpFRXRMY2c9PSIsIm1hYyI6IjEyMDcxYWZjNGRkZTg3YjYxMDNjYjgxNjkzN2EzZThhYjc5NTc4NGFhMzc5NjMyYzdlYjcxODk2NjY0M2YyZjcifQ%3D%3D; ASPSESSIONIDCCRTASDD=EBKCHNIDNDKEMGMDMEJFKNFC; route=4068944e4cff66723a4f7cbffbcb44b0; SESSIONID=421f9a37-4b36-41c0-aa22-7f5882530e08.uaiKVCGh8J8sFbDb5cRVY6pM06Q; IPLOC=CN3100; Dc0_city=9%7Chttps%3A%2F%2Fwww.mcfang.cn%2F] that contained an invalid cookie. That cookie will be ignored.
 Note: further occurrences of this error will be logged at DEBUG level.
2021-01-08 09:29:56.138  INFO 3684 --- [restartedMain] c.c.shequdemo.ShequdemoApplication       : Starting ShequdemoApplication on 10_0_8_2 with PID 3684 (C:\shequdemo\shequdemo\target\classes started by Administrator in C:\shequdemo\shequdemo)
2021-01-08 09:29:56.154  INFO 3684 --- [restartedMain] c.c.shequdemo.ShequdemoApplication       : No active profile set, falling back to default profiles: default
2021-01-08 09:29:56.232  INFO 3684 --- [restartedMain] .e.DevToolsPropertyDefaultsPostProcessor : Devtools property defaults active! Set 'spring.devtools.add-properties' to 'false' to disable
2021-01-08 09:29:56.232  INFO 3684 --- [restartedMain] .e.DevToolsPropertyDefaultsPostProcessor : For additional web related logging consider setting the 'logging.level.web' property to 'DEBUG'
2021-01-08 09:29:58.201  INFO 3684 --- [restartedMain] o.s.b.w.embedded.tomcat.TomcatWebServer  : Tomcat initialized with port(s): 80 (http)
2021-01-08 09:29:58.217  INFO 3684 --- [restartedMain] o.apache.catalina.core.StandardService   : Starting service [Tomcat]
2021-01-08 09:29:58.217  INFO 3684 --- [restartedMain] org.apache.catalina.core.StandardEngine  : Starting Servlet engine: [Apache Tomcat/9.0.38]
2021-01-08 09:29:58.326  INFO 3684 --- [restartedMain] o.a.c.c.C.[Tomcat].[localhost].[/]       : Initializing Spring embedded WebApplicationContext
2021-01-08 09:29:58.326  INFO 3684 --- [restartedMain] w.s.c.ServletWebServerApplicationContext : Root WebApplicationContext: initialization completed in 2094 ms
2021-01-08 09:29:58.560  WARN 3684 --- [restartedMain] o.s.h.c.j.Jackson2ObjectMapperBuilder    : For Jackson Kotlin classes support please add "com.fasterxml.jackson.module:jackson-module-kotlin" to the classpath
2021-01-08 09:29:59.545  INFO 3684 --- [restartedMain] o.s.s.concurrent.ThreadPoolTaskExecutor  : Initializing ExecutorService 'applicationTaskExecutor'
2021-01-08 09:29:59.639  INFO 3684 --- [restartedMain] o.s.b.a.w.s.WelcomePageHandlerMapping    : Adding welcome page template: index
2021-01-08 09:29:59.857  INFO 3684 --- [restartedMain] o.s.s.c.ThreadPoolTaskScheduler          : Initializing ExecutorService 'taskScheduler'
2021-01-08 09:29:59.967  INFO 3684 --- [restartedMain] o.s.b.d.a.OptionalLiveReloadServer       : LiveReload server is running on port 35729
2021-01-08 09:29:59.998  INFO 3684 --- [restartedMain] o.s.b.w.embedded.tomcat.TomcatWebServer  : Tomcat started on port(s): 80 (http) with context path ''
2021-01-08 09:30:00.014  INFO 3684 --- [restartedMain] c.c.shequdemo.ShequdemoApplication       : Started ShequdemoApplication in 4.595 seconds (JVM running for 8.889)
2021-01-08 09:30:00.139  INFO 3684 --- [scheduling-1] com.zaxxer.hikari.HikariDataSource       : HikariPool-1 - Starting...
2021-01-08 09:30:00.935  INFO 3684 --- [scheduling-1] com.zaxxer.hikari.HikariDataSource       : HikariPool-1 - Start completed.
2021-01-08 09:30:03.125  INFO 3684 --- [http-nio-80-exec-1] o.a.c.c.C.[Tomcat].[localhost].[/]       : Initializing Spring DispatcherServlet 'dispatcherServlet'
2021-01-08 09:30:03.125  INFO 3684 --- [http-nio-80-exec-1] o.s.web.servlet.DispatcherServlet        : Initializing Servlet 'dispatcherServlet'
2021-01-08 09:30:03.141  INFO 3684 --- [http-nio-80-exec-1] o.s.web.servlet.DispatcherServlet        : Completed initialization in 16 ms
2021-01-08 09:36:49.980  INFO 3684 --- [http-nio-80-exec-6] o.apache.coyote.http11.Http11Processor   : Error parsing HTTP request header
 Note: further occurrences of HTTP request parsing errors will be logged at DEBUG level.

java.lang.IllegalArgumentException: Request header is too large
	at org.apache.coyote.http11.Http11InputBuffer.fill(Http11InputBuffer.java:777) ~[tomcat-embed-core-9.0.38.jar:9.0.38]
	at org.apache.coyote.http11.Http11InputBuffer.parseHeader(Http11InputBuffer.java:938) ~[tomcat-embed-core-9.0.38.jar:9.0.38]
	at org.apache.coyote.http11.Http11InputBuffer.parseHeaders(Http11InputBuffer.java:589) ~[tomcat-embed-core-9.0.38.jar:9.0.38]
	at org.apache.coyote.http11.Http11Processor.service(Http11Processor.java:284) ~[tomcat-embed-core-9.0.38.jar:9.0.38]
	at org.apache.coyote.AbstractProcessorLight.process(AbstractProcessorLight.java:65) [tomcat-embed-core-9.0.38.jar:9.0.38]
	at org.apache.coyote.AbstractProtocol$ConnectionHandler.process(AbstractProtocol.java:868) [tomcat-embed-core-9.0.38.jar:9.0.38]
	at org.apache.tomcat.util.net.NioEndpoint$SocketProcessor.doRun(NioEndpoint.java:1590) [tomcat-embed-core-9.0.38.jar:9.0.38]
	at org.apache.tomcat.util.net.SocketProcessorBase.run(SocketProcessorBase.java:49) [tomcat-embed-core-9.0.38.jar:9.0.38]
	at java.util.concurrent.ThreadPoolExecutor.runWorker(ThreadPoolExecutor.java:1142) [na:1.8.0_65]
	at java.util.concurrent.ThreadPoolExecutor$Worker.run(ThreadPoolExecutor.java:617) [na:1.8.0_65]
	at org.apache.tomcat.util.threads.TaskThread$WrappingRunnable.run(TaskThread.java:61) [tomcat-embed-core-9.0.38.jar:9.0.38]
	at java.lang.Thread.run(Thread.java:745) [na:1.8.0_65]

2021-01-08 09:57:05.791  INFO 3684 --- [http-nio-80-exec-8] o.apache.coyote.http11.Http11Processor   : Error parsing HTTP request header
 Note: further occurrences of HTTP request parsing errors will be logged at DEBUG level.

java.lang.IllegalArgumentException: Request header is too large
	at org.apache.coyote.http11.Http11InputBuffer.fill(Http11InputBuffer.java:777) ~[tomcat-embed-core-9.0.38.jar:9.0.38]
	at org.apache.coyote.http11.Http11InputBuffer.parseHeader(Http11InputBuffer.java:938) ~[tomcat-embed-core-9.0.38.jar:9.0.38]
	at org.apache.coyote.http11.Http11InputBuffer.parseHeaders(Http11InputBuffer.java:589) ~[tomcat-embed-core-9.0.38.jar:9.0.38]
	at org.apache.coyote.http11.Http11Processor.service(Http11Processor.java:284) ~[tomcat-embed-core-9.0.38.jar:9.0.38]
	at org.apache.coyote.AbstractProcessorLight.process(AbstractProcessorLight.java:65) [tomcat-embed-core-9.0.38.jar:9.0.38]
	at org.apache.coyote.AbstractProtocol$ConnectionHandler.process(AbstractProtocol.java:868) [tomcat-embed-core-9.0.38.jar:9.0.38]
	at org.apache.tomcat.util.net.NioEndpoint$SocketProcessor.doRun(NioEndpoint.java:1590) [tomcat-embed-core-9.0.38.jar:9.0.38]
	at org.apache.tomcat.util.net.SocketProcessorBase.run(SocketProcessorBase.java:49) [tomcat-embed-core-9.0.38.jar:9.0.38]
	at java.util.concurrent.ThreadPoolExecutor.runWorker(ThreadPoolExecutor.java:1142) [na:1.8.0_65]
	at java.util.concurrent.ThreadPoolExecutor$Worker.run(ThreadPoolExecutor.java:617) [na:1.8.0_65]
	at org.apache.tomcat.util.threads.TaskThread$WrappingRunnable.run(TaskThread.java:61) [tomcat-embed-core-9.0.38.jar:9.0.38]
	at java.lang.Thread.run(Thread.java:745) [na:1.8.0_65]

2021-01-08 09:57:08.291  INFO 3684 --- [http-nio-80-exec-7] o.apache.tomcat.util.http.parser.Cookie  : A cookie header was received [phtml,php3"; item_list_page8006985=0; laravel_session=eyJpdiI6Ikp4aWxtdkxhZEd5YTFCcFYyWHBHU3c9PSIsInZhbHVlIjoicWowdk55eSs4OVBvanhvWXZzNXRCbXpCc2RrQVwvUGs2Y3ZZNnQxS2N2OUZnSitLeitCTmxqY3FsVDBtWFljQWJ2STRJWVpValN3ZmZJS2d5bURZODV3PT0iLCJtYWMiOiI0ZDM3ZjA0MWFkMDAwNThjMjQzYmE0ZGQ1ZWE0NWMyZTg5MTdhZWM3ODFhZDM3ZWUxOWUyZGFjZjE3MmE2ZDgyIn0%3D; kuxin_history=33703%2C328; escart_goods_num=0; seed_VmallLastUrl=czo3MjoiaHR0cDovL20uY2FzaC5iZW5lZml0LmhuYWdyb3VwLmNvbS9wcm9kdWN0cy9ob3QtNDUwLTEzNjQxLTAtMC0wLTEtMS5odG1sIjs%3D; SESSION_COOKIE=B; lastfid=0; lastvisit=0%091610070720%09%2Fsimple%2Findex.php%3Ft244691.html%26; ol_offset=250842; XSRF-TOKEN=eyJpdiI6InN0eGYwdjQwZW1EVk9NT1JaRzAwUEE9PSIsInZhbHVlIjoiQnROcjQ2R1cwNEwvY0JjRW13d1JnYXNvcnZoSm5jcHJoRmNqRWtuWDVwa1ZOdU52bURWRGdVNFJaYTB1WFk4NkcyajhvYjFiY3E0N3dIV29MeDNCWnZJdWdDVCtSZ09mK0dhVVJDMlVnV0NZa3ZvTHBqSnI2VUJ2RklxTGVwSWMiLCJtYWMiOiI5Yjk4YTFhNjRjY2M1MWJmYzc2OTRmNDFmYTA2MjUzOWE4MGQxMWE4YTgxY2UwOTRmMWU3NTJlNjU4NDU3ZTIwIn0%3D; _session=eyJpdiI6InlrdTcyRElrWjJpTjU3d0ZvSUZuTXc9PSIsInZhbHVlIjoiU21pcmo5L2NDU3FGeUNBSGx1NDRCUGpycVJmaDZXeUwydjNZRWRkSU45TFJtZStIUVpraHdja1ZNSmNSUUN1L3ZzV09rdHpnYWlBazV5RyszaEY0ZzdmZHd2QWlLTGIzcTdza0x2cHd4NUdpbG5oT1JXT25hN1J0R1Zqa1FMK2giLCJtYWMiOiI3NmE0ZDNiMjcyNzM1YTQ3N2U3OGE3Y2YzNWM3ODQ1OTMwZWM5MzUwZGY1OGRkOWIxOTA1OWM1ODkwZjc1OGM2In0%3D; rh8h_2132_saltkey=o4108p48; rh8h_2132_lastvisit=1610067368; rh8h_2132_lastact=1610070968%09home.php%09space; rh8h_2132_home_diymode=1; acw_tc=7819730516100710134206252e0aeb5f5d2649b2120d8def8db4676940fef5] that contained an invalid cookie. That cookie will be ignored.
 Note: further occurrences of this error will be logged at DEBUG level.
2021-01-08 10:38:56.269  INFO 3608 --- [restartedMain] c.c.shequdemo.ShequdemoApplication       : Starting ShequdemoApplication on 10_0_8_2 with PID 3608 (C:\shequdemo\shequdemo\target\classes started by Administrator in C:\shequdemo\shequdemo)
2021-01-08 10:38:56.269  INFO 3608 --- [restartedMain] c.c.shequdemo.ShequdemoApplication       : No active profile set, falling back to default profiles: default
2021-01-08 10:38:56.394  INFO 3608 --- [restartedMain] .e.DevToolsPropertyDefaultsPostProcessor : Devtools property defaults active! Set 'spring.devtools.add-properties' to 'false' to disable
2021-01-08 10:38:56.394  INFO 3608 --- [restartedMain] .e.DevToolsPropertyDefaultsPostProcessor : For additional web related logging consider setting the 'logging.level.web' property to 'DEBUG'
2021-01-08 10:38:58.659  INFO 3608 --- [restartedMain] o.s.b.w.embedded.tomcat.TomcatWebServer  : Tomcat initialized with port(s): 80 (http)
2021-01-08 10:38:58.675  INFO 3608 --- [restartedMain] o.apache.catalina.core.StandardService   : Starting service [Tomcat]
2021-01-08 10:38:58.675  INFO 3608 --- [restartedMain] org.apache.catalina.core.StandardEngine  : Starting Servlet engine: [Apache Tomcat/9.0.38]
2021-01-08 10:38:58.800  INFO 3608 --- [restartedMain] o.a.c.c.C.[Tomcat].[localhost].[/]       : Initializing Spring embedded WebApplicationContext
2021-01-08 10:38:58.800  INFO 3608 --- [restartedMain] w.s.c.ServletWebServerApplicationContext : Root WebApplicationContext: initialization completed in 2406 ms
2021-01-08 10:38:59.066  WARN 3608 --- [restartedMain] o.s.h.c.j.Jackson2ObjectMapperBuilder    : For Jackson Kotlin classes support please add "com.fasterxml.jackson.module:jackson-module-kotlin" to the classpath
2021-01-08 10:39:00.097  INFO 3608 --- [restartedMain] o.s.s.concurrent.ThreadPoolTaskExecutor  : Initializing ExecutorService 'applicationTaskExecutor'
2021-01-08 10:39:00.191  INFO 3608 --- [restartedMain] o.s.b.a.w.s.WelcomePageHandlerMapping    : Adding welcome page template: index
2021-01-08 10:39:00.378  INFO 3608 --- [restartedMain] o.s.s.c.ThreadPoolTaskScheduler          : Initializing ExecutorService 'taskScheduler'
2021-01-08 10:39:00.659  INFO 3608 --- [restartedMain] o.s.b.d.a.OptionalLiveReloadServer       : LiveReload server is running on port 35729
2021-01-08 10:39:00.753  INFO 3608 --- [restartedMain] o.s.b.w.embedded.tomcat.TomcatWebServer  : Tomcat started on port(s): 80 (http) with context path ''
2021-01-08 10:39:00.769  INFO 3608 --- [restartedMain] c.c.shequdemo.ShequdemoApplication       : Started ShequdemoApplication in 5.113 seconds (JVM running for 8.85)
2021-01-08 10:39:00.894  INFO 3608 --- [scheduling-1] com.zaxxer.hikari.HikariDataSource       : HikariPool-1 - Starting...
2021-01-08 10:39:01.441  INFO 3608 --- [scheduling-1] com.zaxxer.hikari.HikariDataSource       : HikariPool-1 - Start completed.
2021-01-08 10:39:03.987  INFO 3608 --- [http-nio-80-exec-10] o.a.c.c.C.[Tomcat].[localhost].[/]       : Initializing Spring DispatcherServlet 'dispatcherServlet'
2021-01-08 10:39:03.987  INFO 3608 --- [http-nio-80-exec-10] o.s.web.servlet.DispatcherServlet        : Initializing Servlet 'dispatcherServlet'
2021-01-08 10:39:04.003  INFO 3608 --- [http-nio-80-exec-10] o.s.web.servlet.DispatcherServlet        : Completed initialization in 16 ms
2021-01-08 10:45:03.673  INFO 1288 --- [restartedMain] c.c.shequdemo.ShequdemoApplication       : Starting ShequdemoApplication on 10_0_8_2 with PID 1288 (C:\shequdemo\shequdemo\target\classes started by Administrator in C:\shequdemo\shequdemo)
2021-01-08 10:45:03.673  INFO 1288 --- [restartedMain] c.c.shequdemo.ShequdemoApplication       : No active profile set, falling back to default profiles: default
2021-01-08 10:45:03.735  INFO 1288 --- [restartedMain] .e.DevToolsPropertyDefaultsPostProcessor : Devtools property defaults active! Set 'spring.devtools.add-properties' to 'false' to disable
2021-01-08 10:45:03.735  INFO 1288 --- [restartedMain] .e.DevToolsPropertyDefaultsPostProcessor : For additional web related logging consider setting the 'logging.level.web' property to 'DEBUG'
2021-01-08 10:45:05.220  INFO 1288 --- [restartedMain] o.s.b.w.embedded.tomcat.TomcatWebServer  : Tomcat initialized with port(s): 80 (http)
2021-01-08 10:45:05.266  INFO 1288 --- [restartedMain] o.apache.catalina.core.StandardService   : Starting service [Tomcat]
2021-01-08 10:45:05.266  INFO 1288 --- [restartedMain] org.apache.catalina.core.StandardEngine  : Starting Servlet engine: [Apache Tomcat/9.0.38]
2021-01-08 10:45:05.391  INFO 1288 --- [restartedMain] o.a.c.c.C.[Tomcat].[localhost].[/]       : Initializing Spring embedded WebApplicationContext
2021-01-08 10:45:05.391  INFO 1288 --- [restartedMain] w.s.c.ServletWebServerApplicationContext : Root WebApplicationContext: initialization completed in 1656 ms
2021-01-08 10:45:05.751  WARN 1288 --- [restartedMain] o.s.h.c.j.Jackson2ObjectMapperBuilder    : For Jackson Kotlin classes support please add "com.fasterxml.jackson.module:jackson-module-kotlin" to the classpath
2021-01-08 10:45:06.720  INFO 1288 --- [restartedMain] o.s.s.concurrent.ThreadPoolTaskExecutor  : Initializing ExecutorService 'applicationTaskExecutor'
2021-01-08 10:45:06.813  INFO 1288 --- [restartedMain] o.s.b.a.w.s.WelcomePageHandlerMapping    : Adding welcome page template: index
2021-01-08 10:45:07.001  INFO 1288 --- [restartedMain] o.s.s.c.ThreadPoolTaskScheduler          : Initializing ExecutorService 'taskScheduler'
2021-01-08 10:45:07.095  INFO 1288 --- [restartedMain] o.s.b.d.a.OptionalLiveReloadServer       : LiveReload server is running on port 35729
2021-01-08 10:45:07.141  INFO 1288 --- [restartedMain] o.s.b.w.embedded.tomcat.TomcatWebServer  : Tomcat started on port(s): 80 (http) with context path ''
2021-01-08 10:45:07.157  INFO 1288 --- [restartedMain] c.c.shequdemo.ShequdemoApplication       : Started ShequdemoApplication in 4.47 seconds (JVM running for 7.192)
2021-01-08 10:45:07.282  INFO 1288 --- [scheduling-1] com.zaxxer.hikari.HikariDataSource       : HikariPool-1 - Starting...
2021-01-08 10:45:08.126  INFO 1288 --- [scheduling-1] com.zaxxer.hikari.HikariDataSource       : HikariPool-1 - Start completed.
2021-01-08 10:46:22.266  INFO 3852 --- [restartedMain] c.c.shequdemo.ShequdemoApplication       : Starting ShequdemoApplication on 10_0_8_2 with PID 3852 (C:\shequdemo\shequdemo\target\classes started by Administrator in C:\shequdemo\shequdemo)
2021-01-08 10:46:22.266  INFO 3852 --- [restartedMain] c.c.shequdemo.ShequdemoApplication       : No active profile set, falling back to default profiles: default
2021-01-08 10:46:22.360  INFO 3852 --- [restartedMain] .e.DevToolsPropertyDefaultsPostProcessor : Devtools property defaults active! Set 'spring.devtools.add-properties' to 'false' to disable
2021-01-08 10:46:22.360  INFO 3852 --- [restartedMain] .e.DevToolsPropertyDefaultsPostProcessor : For additional web related logging consider setting the 'logging.level.web' property to 'DEBUG'
2021-01-08 10:46:23.782  INFO 3852 --- [restartedMain] o.s.b.w.embedded.tomcat.TomcatWebServer  : Tomcat initialized with port(s): 80 (http)
2021-01-08 10:46:23.797  INFO 3852 --- [restartedMain] o.apache.catalina.core.StandardService   : Starting service [Tomcat]
2021-01-08 10:46:23.797  INFO 3852 --- [restartedMain] org.apache.catalina.core.StandardEngine  : Starting Servlet engine: [Apache Tomcat/9.0.38]
2021-01-08 10:46:23.922  INFO 3852 --- [restartedMain] o.a.c.c.C.[Tomcat].[localhost].[/]       : Initializing Spring embedded WebApplicationContext
2021-01-08 10:46:23.922  INFO 3852 --- [restartedMain] w.s.c.ServletWebServerApplicationContext : Root WebApplicationContext: initialization completed in 1562 ms
2021-01-08 10:46:24.047  WARN 3852 --- [restartedMain] o.s.h.c.j.Jackson2ObjectMapperBuilder    : For Jackson Kotlin classes support please add "com.fasterxml.jackson.module:jackson-module-kotlin" to the classpath
2021-01-08 10:46:24.688  INFO 3852 --- [restartedMain] o.s.s.concurrent.ThreadPoolTaskExecutor  : Initializing ExecutorService 'applicationTaskExecutor'
2021-01-08 10:46:24.766  INFO 3852 --- [restartedMain] o.s.b.a.w.s.WelcomePageHandlerMapping    : Adding welcome page template: index
2021-01-08 10:46:24.891  INFO 3852 --- [restartedMain] o.s.s.c.ThreadPoolTaskScheduler          : Initializing ExecutorService 'taskScheduler'
2021-01-08 10:46:24.985  INFO 3852 --- [restartedMain] o.s.b.d.a.OptionalLiveReloadServer       : LiveReload server is running on port 35729
2021-01-08 10:46:25.016  INFO 3852 --- [restartedMain] o.s.b.w.embedded.tomcat.TomcatWebServer  : Tomcat started on port(s): 80 (http) with context path ''
2021-01-08 10:46:25.032  INFO 3852 --- [restartedMain] c.c.shequdemo.ShequdemoApplication       : Started ShequdemoApplication in 3.125 seconds (JVM running for 6.7)
2021-01-08 10:46:25.172  INFO 3852 --- [scheduling-1] com.zaxxer.hikari.HikariDataSource       : HikariPool-1 - Starting...
2021-01-08 10:46:25.500  INFO 3852 --- [scheduling-1] com.zaxxer.hikari.HikariDataSource       : HikariPool-1 - Start completed.
2021-01-08 10:46:30.282  INFO 3852 --- [http-nio-80-exec-1] o.a.c.c.C.[Tomcat].[localhost].[/]       : Initializing Spring DispatcherServlet 'dispatcherServlet'
2021-01-08 10:46:30.282  INFO 3852 --- [http-nio-80-exec-1] o.s.web.servlet.DispatcherServlet        : Initializing Servlet 'dispatcherServlet'
2021-01-08 10:46:30.297  INFO 3852 --- [http-nio-80-exec-1] o.s.web.servlet.DispatcherServlet        : Completed initialization in 15 ms
2021-01-08 10:51:10.470  INFO 3124 --- [restartedMain] c.c.shequdemo.ShequdemoApplication       : Starting ShequdemoApplication on 10_0_8_2 with PID 3124 (C:\shequdemo\shequdemo\target\classes started by Administrator in C:\shequdemo\shequdemo)
2021-01-08 10:51:10.485  INFO 3124 --- [restartedMain] c.c.shequdemo.ShequdemoApplication       : No active profile set, falling back to default profiles: default
2021-01-08 10:51:10.548  INFO 3124 --- [restartedMain] .e.DevToolsPropertyDefaultsPostProcessor : Devtools property defaults active! Set 'spring.devtools.add-properties' to 'false' to disable
2021-01-08 10:51:10.548  INFO 3124 --- [restartedMain] .e.DevToolsPropertyDefaultsPostProcessor : For additional web related logging consider setting the 'logging.level.web' property to 'DEBUG'
2021-01-08 10:51:12.157  INFO 3124 --- [restartedMain] o.s.b.w.embedded.tomcat.TomcatWebServer  : Tomcat initialized with port(s): 80 (http)
2021-01-08 10:51:12.173  INFO 3124 --- [restartedMain] o.apache.catalina.core.StandardService   : Starting service [Tomcat]
2021-01-08 10:51:12.173  INFO 3124 --- [restartedMain] org.apache.catalina.core.StandardEngine  : Starting Servlet engine: [Apache Tomcat/9.0.38]
2021-01-08 10:51:12.266  INFO 3124 --- [restartedMain] o.a.c.c.C.[Tomcat].[localhost].[/]       : Initializing Spring embedded WebApplicationContext
2021-01-08 10:51:12.266  INFO 3124 --- [restartedMain] w.s.c.ServletWebServerApplicationContext : Root WebApplicationContext: initialization completed in 1718 ms
2021-01-08 10:51:12.438  WARN 3124 --- [restartedMain] o.s.h.c.j.Jackson2ObjectMapperBuilder    : For Jackson Kotlin classes support please add "com.fasterxml.jackson.module:jackson-module-kotlin" to the classpath
2021-01-08 10:51:13.188  INFO 3124 --- [restartedMain] o.s.s.concurrent.ThreadPoolTaskExecutor  : Initializing ExecutorService 'applicationTaskExecutor'
2021-01-08 10:51:13.266  INFO 3124 --- [restartedMain] o.s.b.a.w.s.WelcomePageHandlerMapping    : Adding welcome page template: index
2021-01-08 10:51:13.407  INFO 3124 --- [restartedMain] o.s.s.c.ThreadPoolTaskScheduler          : Initializing ExecutorService 'taskScheduler'
2021-01-08 10:51:13.501  INFO 3124 --- [restartedMain] o.s.b.d.a.OptionalLiveReloadServer       : LiveReload server is running on port 35729
2021-01-08 10:51:13.548  INFO 3124 --- [restartedMain] o.s.b.w.embedded.tomcat.TomcatWebServer  : Tomcat started on port(s): 80 (http) with context path ''
2021-01-08 10:51:13.548  INFO 3124 --- [restartedMain] c.c.shequdemo.ShequdemoApplication       : Started ShequdemoApplication in 3.512 seconds (JVM running for 7.198)
2021-01-08 10:51:13.657  INFO 3124 --- [scheduling-1] com.zaxxer.hikari.HikariDataSource       : HikariPool-1 - Starting...
2021-01-08 10:51:13.938  INFO 3124 --- [http-nio-80-exec-1] o.a.c.c.C.[Tomcat].[localhost].[/]       : Initializing Spring DispatcherServlet 'dispatcherServlet'
2021-01-08 10:51:13.954  INFO 3124 --- [http-nio-80-exec-1] o.s.web.servlet.DispatcherServlet        : Initializing Servlet 'dispatcherServlet'
2021-01-08 10:51:13.954  INFO 3124 --- [http-nio-80-exec-1] o.s.web.servlet.DispatcherServlet        : Completed initialization in 0 ms
2021-01-08 10:51:14.266  INFO 3124 --- [scheduling-1] com.zaxxer.hikari.HikariDataSource       : HikariPool-1 - Start completed.
2021-01-08 10:52:25.409  WARN 3124 --- [http-nio-80-exec-6] .m.m.a.ExceptionHandlerExceptionResolver : Resolved [com.custchina.shequdemo.excaption.CustomizeException: 您还未登录 ，请重新登陆]
2021-01-08 10:56:13.337  INFO 3124 --- [http-nio-80-exec-5] o.apache.coyote.http11.Http11Processor   : Error parsing HTTP request header
 Note: further occurrences of HTTP request parsing errors will be logged at DEBUG level.

java.lang.IllegalArgumentException: Request header is too large
	at org.apache.coyote.http11.Http11InputBuffer.fill(Http11InputBuffer.java:777) ~[tomcat-embed-core-9.0.38.jar:9.0.38]
	at org.apache.coyote.http11.Http11InputBuffer.parseHeader(Http11InputBuffer.java:938) ~[tomcat-embed-core-9.0.38.jar:9.0.38]
	at org.apache.coyote.http11.Http11InputBuffer.parseHeaders(Http11InputBuffer.java:589) ~[tomcat-embed-core-9.0.38.jar:9.0.38]
	at org.apache.coyote.http11.Http11Processor.service(Http11Processor.java:284) ~[tomcat-embed-core-9.0.38.jar:9.0.38]
	at org.apache.coyote.AbstractProcessorLight.process(AbstractProcessorLight.java:65) [tomcat-embed-core-9.0.38.jar:9.0.38]
	at org.apache.coyote.AbstractProtocol$ConnectionHandler.process(AbstractProtocol.java:868) [tomcat-embed-core-9.0.38.jar:9.0.38]
	at org.apache.tomcat.util.net.NioEndpoint$SocketProcessor.doRun(NioEndpoint.java:1590) [tomcat-embed-core-9.0.38.jar:9.0.38]
	at org.apache.tomcat.util.net.SocketProcessorBase.run(SocketProcessorBase.java:49) [tomcat-embed-core-9.0.38.jar:9.0.38]
	at java.util.concurrent.ThreadPoolExecutor.runWorker(ThreadPoolExecutor.java:1142) [na:1.8.0_65]
	at java.util.concurrent.ThreadPoolExecutor$Worker.run(ThreadPoolExecutor.java:617) [na:1.8.0_65]
	at org.apache.tomcat.util.threads.TaskThread$WrappingRunnable.run(TaskThread.java:61) [tomcat-embed-core-9.0.38.jar:9.0.38]
	at java.lang.Thread.run(Thread.java:745) [na:1.8.0_65]

2021-01-08 11:06:57.280  INFO 3124 --- [http-nio-80-exec-10] o.apache.coyote.http11.Http11Processor   : Error parsing HTTP request header
 Note: further occurrences of HTTP request parsing errors will be logged at DEBUG level.

java.lang.IllegalArgumentException: Request header is too large
	at org.apache.coyote.http11.Http11InputBuffer.fill(Http11InputBuffer.java:777) ~[tomcat-embed-core-9.0.38.jar:9.0.38]
	at org.apache.coyote.http11.Http11InputBuffer.parseHeader(Http11InputBuffer.java:938) ~[tomcat-embed-core-9.0.38.jar:9.0.38]
	at org.apache.coyote.http11.Http11InputBuffer.parseHeaders(Http11InputBuffer.java:589) ~[tomcat-embed-core-9.0.38.jar:9.0.38]
	at org.apache.coyote.http11.Http11Processor.service(Http11Processor.java:284) ~[tomcat-embed-core-9.0.38.jar:9.0.38]
	at org.apache.coyote.AbstractProcessorLight.process(AbstractProcessorLight.java:65) [tomcat-embed-core-9.0.38.jar:9.0.38]
	at org.apache.coyote.AbstractProtocol$ConnectionHandler.process(AbstractProtocol.java:868) [tomcat-embed-core-9.0.38.jar:9.0.38]
	at org.apache.tomcat.util.net.NioEndpoint$SocketProcessor.doRun(NioEndpoint.java:1590) [tomcat-embed-core-9.0.38.jar:9.0.38]
	at org.apache.tomcat.util.net.SocketProcessorBase.run(SocketProcessorBase.java:49) [tomcat-embed-core-9.0.38.jar:9.0.38]
	at java.util.concurrent.ThreadPoolExecutor.runWorker(ThreadPoolExecutor.java:1142) [na:1.8.0_65]
	at java.util.concurrent.ThreadPoolExecutor$Worker.run(ThreadPoolExecutor.java:617) [na:1.8.0_65]
	at org.apache.tomcat.util.threads.TaskThread$WrappingRunnable.run(TaskThread.java:61) [tomcat-embed-core-9.0.38.jar:9.0.38]
	at java.lang.Thread.run(Thread.java:745) [na:1.8.0_65]

2021-01-08 11:20:08.890  INFO 5040 --- [restartedMain] c.c.shequdemo.ShequdemoApplication       : Starting ShequdemoApplication on 10_0_8_2 with PID 5040 (C:\shequdemo\shequdemo\target\classes started by Administrator in C:\shequdemo\shequdemo)
2021-01-08 11:20:08.905  INFO 5040 --- [restartedMain] c.c.shequdemo.ShequdemoApplication       : No active profile set, falling back to default profiles: default
2021-01-08 11:20:09.046  INFO 5040 --- [restartedMain] .e.DevToolsPropertyDefaultsPostProcessor : Devtools property defaults active! Set 'spring.devtools.add-properties' to 'false' to disable
2021-01-08 11:20:09.046  INFO 5040 --- [restartedMain] .e.DevToolsPropertyDefaultsPostProcessor : For additional web related logging consider setting the 'logging.level.web' property to 'DEBUG'
2021-01-08 11:20:11.015  INFO 5040 --- [restartedMain] o.s.b.w.embedded.tomcat.TomcatWebServer  : Tomcat initialized with port(s): 80 (http)
2021-01-08 11:20:11.030  INFO 5040 --- [restartedMain] o.apache.catalina.core.StandardService   : Starting service [Tomcat]
2021-01-08 11:20:11.030  INFO 5040 --- [restartedMain] org.apache.catalina.core.StandardEngine  : Starting Servlet engine: [Apache Tomcat/9.0.38]
2021-01-08 11:20:11.218  INFO 5040 --- [restartedMain] o.a.c.c.C.[Tomcat].[localhost].[/]       : Initializing Spring embedded WebApplicationContext
2021-01-08 11:20:11.218  INFO 5040 --- [restartedMain] w.s.c.ServletWebServerApplicationContext : Root WebApplicationContext: initialization completed in 2172 ms
2021-01-08 11:20:11.515  WARN 5040 --- [restartedMain] o.s.h.c.j.Jackson2ObjectMapperBuilder    : For Jackson Kotlin classes support please add "com.fasterxml.jackson.module:jackson-module-kotlin" to the classpath
2021-01-08 11:20:12.407  WARN 5040 --- [restartedMain] ConfigServletWebServerApplicationContext : Exception encountered during context initialization - cancelling refresh attempt: org.springframework.beans.factory.UnsatisfiedDependencyException: Error creating bean with name 'fileController': Unsatisfied dependency expressed through field 'uCloudProvider'; nested exception is org.springframework.beans.factory.BeanCreationException: Error creating bean with name 'UCloudProvider': Injection of autowired dependencies failed; nested exception is java.lang.IllegalArgumentException: Could not resolve placeholder 'ucloud.ufile.public-key' in value "${ucloud.ufile.public-key}"
2021-01-08 11:20:12.407  INFO 5040 --- [restartedMain] o.apache.catalina.core.StandardService   : Stopping service [Tomcat]
2021-01-08 11:20:12.422  INFO 5040 --- [restartedMain] ConditionEvaluationReportLoggingListener : 

Error starting ApplicationContext. To display the conditions report re-run your application with 'debug' enabled.
2021-01-08 11:20:12.454 ERROR 5040 --- [restartedMain] o.s.boot.SpringApplication               : Application run failed

org.springframework.beans.factory.UnsatisfiedDependencyException: Error creating bean with name 'fileController': Unsatisfied dependency expressed through field 'uCloudProvider'; nested exception is org.springframework.beans.factory.BeanCreationException: Error creating bean with name 'UCloudProvider': Injection of autowired dependencies failed; nested exception is java.lang.IllegalArgumentException: Could not resolve placeholder 'ucloud.ufile.public-key' in value "${ucloud.ufile.public-key}"
	at org.springframework.beans.factory.annotation.AutowiredAnnotationBeanPostProcessor$AutowiredFieldElement.inject(AutowiredAnnotationBeanPostProcessor.java:643) ~[spring-beans-5.2.9.RELEASE.jar:5.2.9.RELEASE]
	at org.springframework.beans.factory.annotation.InjectionMetadata.inject(InjectionMetadata.java:130) ~[spring-beans-5.2.9.RELEASE.jar:5.2.9.RELEASE]
	at org.springframework.beans.factory.annotation.AutowiredAnnotationBeanPostProcessor.postProcessProperties(AutowiredAnnotationBeanPostProcessor.java:399) ~[spring-beans-5.2.9.RELEASE.jar:5.2.9.RELEASE]
	at org.springframework.beans.factory.support.AbstractAutowireCapableBeanFactory.populateBean(AbstractAutowireCapableBeanFactory.java:1420) ~[spring-beans-5.2.9.RELEASE.jar:5.2.9.RELEASE]
	at org.springframework.beans.factory.support.AbstractAutowireCapableBeanFactory.doCreateBean(AbstractAutowireCapableBeanFactory.java:593) ~[spring-beans-5.2.9.RELEASE.jar:5.2.9.RELEASE]
	at org.springframework.beans.factory.support.AbstractAutowireCapableBeanFactory.createBean(AbstractAutowireCapableBeanFactory.java:516) ~[spring-beans-5.2.9.RELEASE.jar:5.2.9.RELEASE]
	at org.springframework.beans.factory.support.AbstractBeanFactory.lambda$doGetBean$0(AbstractBeanFactory.java:324) ~[spring-beans-5.2.9.RELEASE.jar:5.2.9.RELEASE]
	at org.springframework.beans.factory.support.DefaultSingletonBeanRegistry.getSingleton(DefaultSingletonBeanRegistry.java:234) ~[spring-beans-5.2.9.RELEASE.jar:5.2.9.RELEASE]
	at org.springframework.beans.factory.support.AbstractBeanFactory.doGetBean(AbstractBeanFactory.java:322) ~[spring-beans-5.2.9.RELEASE.jar:5.2.9.RELEASE]
	at org.springframework.beans.factory.support.AbstractBeanFactory.getBean(AbstractBeanFactory.java:202) ~[spring-beans-5.2.9.RELEASE.jar:5.2.9.RELEASE]
	at org.springframework.beans.factory.support.DefaultListableBeanFactory.preInstantiateSingletons(DefaultListableBeanFactory.java:897) ~[spring-beans-5.2.9.RELEASE.jar:5.2.9.RELEASE]
	at org.springframework.context.support.AbstractApplicationContext.finishBeanFactoryInitialization(AbstractApplicationContext.java:879) ~[spring-context-5.2.9.RELEASE.jar:5.2.9.RELEASE]
	at org.springframework.context.support.AbstractApplicationContext.refresh(AbstractApplicationContext.java:551) ~[spring-context-5.2.9.RELEASE.jar:5.2.9.RELEASE]
	at org.springframework.boot.web.servlet.context.ServletWebServerApplicationContext.refresh(ServletWebServerApplicationContext.java:143) ~[spring-boot-2.3.4.RELEASE.jar:2.3.4.RELEASE]
	at org.springframework.boot.SpringApplication.refresh(SpringApplication.java:758) [spring-boot-2.3.4.RELEASE.jar:2.3.4.RELEASE]
	at org.springframework.boot.SpringApplication.refresh(SpringApplication.java:750) [spring-boot-2.3.4.RELEASE.jar:2.3.4.RELEASE]
	at org.springframework.boot.SpringApplication.refreshContext(SpringApplication.java:397) [spring-boot-2.3.4.RELEASE.jar:2.3.4.RELEASE]
	at org.springframework.boot.SpringApplication.run(SpringApplication.java:315) [spring-boot-2.3.4.RELEASE.jar:2.3.4.RELEASE]
	at org.springframework.boot.SpringApplication.run(SpringApplication.java:1237) [spring-boot-2.3.4.RELEASE.jar:2.3.4.RELEASE]
	at org.springframework.boot.SpringApplication.run(SpringApplication.java:1226) [spring-boot-2.3.4.RELEASE.jar:2.3.4.RELEASE]
	at com.custchina.shequdemo.ShequdemoApplication.main(ShequdemoApplication.java:14) [classes/:na]
	at sun.reflect.NativeMethodAccessorImpl.invoke0(Native Method) ~[na:1.8.0_65]
	at sun.reflect.NativeMethodAccessorImpl.invoke(NativeMethodAccessorImpl.java:62) ~[na:1.8.0_65]
	at sun.reflect.DelegatingMethodAccessorImpl.invoke(DelegatingMethodAccessorImpl.java:43) ~[na:1.8.0_65]
	at java.lang.reflect.Method.invoke(Method.java:497) ~[na:1.8.0_65]
	at org.springframework.boot.devtools.restart.RestartLauncher.run(RestartLauncher.java:49) [spring-boot-devtools-2.3.4.RELEASE.jar:2.3.4.RELEASE]
Caused by: org.springframework.beans.factory.BeanCreationException: Error creating bean with name 'UCloudProvider': Injection of autowired dependencies failed; nested exception is java.lang.IllegalArgumentException: Could not resolve placeholder 'ucloud.ufile.public-key' in value "${ucloud.ufile.public-key}"
	at org.springframework.beans.factory.annotation.AutowiredAnnotationBeanPostProcessor.postProcessProperties(AutowiredAnnotationBeanPostProcessor.java:405) ~[spring-beans-5.2.9.RELEASE.jar:5.2.9.RELEASE]
	at org.springframework.beans.factory.support.AbstractAutowireCapableBeanFactory.populateBean(AbstractAutowireCapableBeanFactory.java:1420) ~[spring-beans-5.2.9.RELEASE.jar:5.2.9.RELEASE]
	at org.springframework.beans.factory.support.AbstractAutowireCapableBeanFactory.doCreateBean(AbstractAutowireCapableBeanFactory.java:593) ~[spring-beans-5.2.9.RELEASE.jar:5.2.9.RELEASE]
	at org.springframework.beans.factory.support.AbstractAutowireCapableBeanFactory.createBean(AbstractAutowireCapableBeanFactory.java:516) ~[spring-beans-5.2.9.RELEASE.jar:5.2.9.RELEASE]
	at org.springframework.beans.factory.support.AbstractBeanFactory.lambda$doGetBean$0(AbstractBeanFactory.java:324) ~[spring-beans-5.2.9.RELEASE.jar:5.2.9.RELEASE]
	at org.springframework.beans.factory.support.DefaultSingletonBeanRegistry.getSingleton(DefaultSingletonBeanRegistry.java:234) ~[spring-beans-5.2.9.RELEASE.jar:5.2.9.RELEASE]
	at org.springframework.beans.factory.support.AbstractBeanFactory.doGetBean(AbstractBeanFactory.java:322) ~[spring-beans-5.2.9.RELEASE.jar:5.2.9.RELEASE]
	at org.springframework.beans.factory.support.AbstractBeanFactory.getBean(AbstractBeanFactory.java:202) ~[spring-beans-5.2.9.RELEASE.jar:5.2.9.RELEASE]
	at org.springframework.beans.factory.config.DependencyDescriptor.resolveCandidate(DependencyDescriptor.java:276) ~[spring-beans-5.2.9.RELEASE.jar:5.2.9.RELEASE]
	at org.springframework.beans.factory.support.DefaultListableBeanFactory.doResolveDependency(DefaultListableBeanFactory.java:1307) ~[spring-beans-5.2.9.RELEASE.jar:5.2.9.RELEASE]
	at org.springframework.beans.factory.support.DefaultListableBeanFactory.resolveDependency(DefaultListableBeanFactory.java:1227) ~[spring-beans-5.2.9.RELEASE.jar:5.2.9.RELEASE]
	at org.springframework.beans.factory.annotation.AutowiredAnnotationBeanPostProcessor$AutowiredFieldElement.inject(AutowiredAnnotationBeanPostProcessor.java:640) ~[spring-beans-5.2.9.RELEASE.jar:5.2.9.RELEASE]
	... 25 common frames omitted
Caused by: java.lang.IllegalArgumentException: Could not resolve placeholder 'ucloud.ufile.public-key' in value "${ucloud.ufile.public-key}"
	at org.springframework.util.PropertyPlaceholderHelper.parseStringValue(PropertyPlaceholderHelper.java:178) ~[spring-core-5.2.9.RELEASE.jar:5.2.9.RELEASE]
	at org.springframework.util.PropertyPlaceholderHelper.replacePlaceholders(PropertyPlaceholderHelper.java:124) ~[spring-core-5.2.9.RELEASE.jar:5.2.9.RELEASE]
	at org.springframework.core.env.AbstractPropertyResolver.doResolvePlaceholders(AbstractPropertyResolver.java:239) ~[spring-core-5.2.9.RELEASE.jar:5.2.9.RELEASE]
	at org.springframework.core.env.AbstractPropertyResolver.resolveRequiredPlaceholders(AbstractPropertyResolver.java:210) ~[spring-core-5.2.9.RELEASE.jar:5.2.9.RELEASE]
	at org.springframework.context.support.PropertySourcesPlaceholderConfigurer.lambda$processProperties$0(PropertySourcesPlaceholderConfigurer.java:175) ~[spring-context-5.2.9.RELEASE.jar:5.2.9.RELEASE]
	at org.springframework.beans.factory.support.AbstractBeanFactory.resolveEmbeddedValue(AbstractBeanFactory.java:918) ~[spring-beans-5.2.9.RELEASE.jar:5.2.9.RELEASE]
	at org.springframework.beans.factory.support.DefaultListableBeanFactory.doResolveDependency(DefaultListableBeanFactory.java:1248) ~[spring-beans-5.2.9.RELEASE.jar:5.2.9.RELEASE]
	at org.springframework.beans.factory.support.DefaultListableBeanFactory.resolveDependency(DefaultListableBeanFactory.java:1227) ~[spring-beans-5.2.9.RELEASE.jar:5.2.9.RELEASE]
	at org.springframework.beans.factory.annotation.AutowiredAnnotationBeanPostProcessor$AutowiredFieldElement.inject(AutowiredAnnotationBeanPostProcessor.java:640) ~[spring-beans-5.2.9.RELEASE.jar:5.2.9.RELEASE]
	at org.springframework.beans.factory.annotation.InjectionMetadata.inject(InjectionMetadata.java:130) ~[spring-beans-5.2.9.RELEASE.jar:5.2.9.RELEASE]
	at org.springframework.beans.factory.annotation.AutowiredAnnotationBeanPostProcessor.postProcessProperties(AutowiredAnnotationBeanPostProcessor.java:399) ~[spring-beans-5.2.9.RELEASE.jar:5.2.9.RELEASE]
	... 36 common frames omitted

2021-01-08 11:22:25.270  INFO 3348 --- [restartedMain] c.c.shequdemo.ShequdemoApplication       : Starting ShequdemoApplication on 10_0_8_2 with PID 3348 (C:\shequdemo\shequdemo\target\classes started by Administrator in C:\shequdemo\shequdemo)
2021-01-08 11:22:25.270  INFO 3348 --- [restartedMain] c.c.shequdemo.ShequdemoApplication       : No active profile set, falling back to default profiles: default
2021-01-08 11:22:25.395  INFO 3348 --- [restartedMain] .e.DevToolsPropertyDefaultsPostProcessor : Devtools property defaults active! Set 'spring.devtools.add-properties' to 'false' to disable
2021-01-08 11:22:25.395  INFO 3348 --- [restartedMain] .e.DevToolsPropertyDefaultsPostProcessor : For additional web related logging consider setting the 'logging.level.web' property to 'DEBUG'
2021-01-08 11:22:27.426  INFO 3348 --- [restartedMain] o.s.b.w.embedded.tomcat.TomcatWebServer  : Tomcat initialized with port(s): 80 (http)
2021-01-08 11:22:27.442  INFO 3348 --- [restartedMain] o.apache.catalina.core.StandardService   : Starting service [Tomcat]
2021-01-08 11:22:27.442  INFO 3348 --- [restartedMain] org.apache.catalina.core.StandardEngine  : Starting Servlet engine: [Apache Tomcat/9.0.38]
2021-01-08 11:22:27.551  INFO 3348 --- [restartedMain] o.a.c.c.C.[Tomcat].[localhost].[/]       : Initializing Spring embedded WebApplicationContext
2021-01-08 11:22:27.567  INFO 3348 --- [restartedMain] w.s.c.ServletWebServerApplicationContext : Root WebApplicationContext: initialization completed in 2156 ms
2021-01-08 11:22:27.832  WARN 3348 --- [restartedMain] o.s.h.c.j.Jackson2ObjectMapperBuilder    : For Jackson Kotlin classes support please add "com.fasterxml.jackson.module:jackson-module-kotlin" to the classpath
2021-01-08 11:22:28.848  WARN 3348 --- [restartedMain] ConfigServletWebServerApplicationContext : Exception encountered during context initialization - cancelling refresh attempt: org.springframework.beans.factory.UnsatisfiedDependencyException: Error creating bean with name 'fileController': Unsatisfied dependency expressed through field 'uCloudProvider'; nested exception is org.springframework.beans.factory.BeanCreationException: Error creating bean with name 'UCloudProvider': Injection of autowired dependencies failed; nested exception is java.lang.IllegalArgumentException: Could not resolve placeholder 'ucloud.ufile.public-key' in value "${ucloud.ufile.public-key}"
2021-01-08 11:22:28.848  INFO 3348 --- [restartedMain] o.apache.catalina.core.StandardService   : Stopping service [Tomcat]
2021-01-08 11:22:28.863  INFO 3348 --- [restartedMain] ConditionEvaluationReportLoggingListener : 

Error starting ApplicationContext. To display the conditions report re-run your application with 'debug' enabled.
2021-01-08 11:22:28.895 ERROR 3348 --- [restartedMain] o.s.boot.SpringApplication               : Application run failed

org.springframework.beans.factory.UnsatisfiedDependencyException: Error creating bean with name 'fileController': Unsatisfied dependency expressed through field 'uCloudProvider'; nested exception is org.springframework.beans.factory.BeanCreationException: Error creating bean with name 'UCloudProvider': Injection of autowired dependencies failed; nested exception is java.lang.IllegalArgumentException: Could not resolve placeholder 'ucloud.ufile.public-key' in value "${ucloud.ufile.public-key}"
	at org.springframework.beans.factory.annotation.AutowiredAnnotationBeanPostProcessor$AutowiredFieldElement.inject(AutowiredAnnotationBeanPostProcessor.java:643) ~[spring-beans-5.2.9.RELEASE.jar:5.2.9.RELEASE]
	at org.springframework.beans.factory.annotation.InjectionMetadata.inject(InjectionMetadata.java:130) ~[spring-beans-5.2.9.RELEASE.jar:5.2.9.RELEASE]
	at org.springframework.beans.factory.annotation.AutowiredAnnotationBeanPostProcessor.postProcessProperties(AutowiredAnnotationBeanPostProcessor.java:399) ~[spring-beans-5.2.9.RELEASE.jar:5.2.9.RELEASE]
	at org.springframework.beans.factory.support.AbstractAutowireCapableBeanFactory.populateBean(AbstractAutowireCapableBeanFactory.java:1420) ~[spring-beans-5.2.9.RELEASE.jar:5.2.9.RELEASE]
	at org.springframework.beans.factory.support.AbstractAutowireCapableBeanFactory.doCreateBean(AbstractAutowireCapableBeanFactory.java:593) ~[spring-beans-5.2.9.RELEASE.jar:5.2.9.RELEASE]
	at org.springframework.beans.factory.support.AbstractAutowireCapableBeanFactory.createBean(AbstractAutowireCapableBeanFactory.java:516) ~[spring-beans-5.2.9.RELEASE.jar:5.2.9.RELEASE]
	at org.springframework.beans.factory.support.AbstractBeanFactory.lambda$doGetBean$0(AbstractBeanFactory.java:324) ~[spring-beans-5.2.9.RELEASE.jar:5.2.9.RELEASE]
	at org.springframework.beans.factory.support.DefaultSingletonBeanRegistry.getSingleton(DefaultSingletonBeanRegistry.java:234) ~[spring-beans-5.2.9.RELEASE.jar:5.2.9.RELEASE]
	at org.springframework.beans.factory.support.AbstractBeanFactory.doGetBean(AbstractBeanFactory.java:322) ~[spring-beans-5.2.9.RELEASE.jar:5.2.9.RELEASE]
	at org.springframework.beans.factory.support.AbstractBeanFactory.getBean(AbstractBeanFactory.java:202) ~[spring-beans-5.2.9.RELEASE.jar:5.2.9.RELEASE]
	at org.springframework.beans.factory.support.DefaultListableBeanFactory.preInstantiateSingletons(DefaultListableBeanFactory.java:897) ~[spring-beans-5.2.9.RELEASE.jar:5.2.9.RELEASE]
	at org.springframework.context.support.AbstractApplicationContext.finishBeanFactoryInitialization(AbstractApplicationContext.java:879) ~[spring-context-5.2.9.RELEASE.jar:5.2.9.RELEASE]
	at org.springframework.context.support.AbstractApplicationContext.refresh(AbstractApplicationContext.java:551) ~[spring-context-5.2.9.RELEASE.jar:5.2.9.RELEASE]
	at org.springframework.boot.web.servlet.context.ServletWebServerApplicationContext.refresh(ServletWebServerApplicationContext.java:143) ~[spring-boot-2.3.4.RELEASE.jar:2.3.4.RELEASE]
	at org.springframework.boot.SpringApplication.refresh(SpringApplication.java:758) [spring-boot-2.3.4.RELEASE.jar:2.3.4.RELEASE]
	at org.springframework.boot.SpringApplication.refresh(SpringApplication.java:750) [spring-boot-2.3.4.RELEASE.jar:2.3.4.RELEASE]
	at org.springframework.boot.SpringApplication.refreshContext(SpringApplication.java:397) [spring-boot-2.3.4.RELEASE.jar:2.3.4.RELEASE]
	at org.springframework.boot.SpringApplication.run(SpringApplication.java:315) [spring-boot-2.3.4.RELEASE.jar:2.3.4.RELEASE]
	at org.springframework.boot.SpringApplication.run(SpringApplication.java:1237) [spring-boot-2.3.4.RELEASE.jar:2.3.4.RELEASE]
	at org.springframework.boot.SpringApplication.run(SpringApplication.java:1226) [spring-boot-2.3.4.RELEASE.jar:2.3.4.RELEASE]
	at com.custchina.shequdemo.ShequdemoApplication.main(ShequdemoApplication.java:14) [classes/:na]
	at sun.reflect.NativeMethodAccessorImpl.invoke0(Native Method) ~[na:1.8.0_65]
	at sun.reflect.NativeMethodAccessorImpl.invoke(NativeMethodAccessorImpl.java:62) ~[na:1.8.0_65]
	at sun.reflect.DelegatingMethodAccessorImpl.invoke(DelegatingMethodAccessorImpl.java:43) ~[na:1.8.0_65]
	at java.lang.reflect.Method.invoke(Method.java:497) ~[na:1.8.0_65]
	at org.springframework.boot.devtools.restart.RestartLauncher.run(RestartLauncher.java:49) [spring-boot-devtools-2.3.4.RELEASE.jar:2.3.4.RELEASE]
Caused by: org.springframework.beans.factory.BeanCreationException: Error creating bean with name 'UCloudProvider': Injection of autowired dependencies failed; nested exception is java.lang.IllegalArgumentException: Could not resolve placeholder 'ucloud.ufile.public-key' in value "${ucloud.ufile.public-key}"
	at org.springframework.beans.factory.annotation.AutowiredAnnotationBeanPostProcessor.postProcessProperties(AutowiredAnnotationBeanPostProcessor.java:405) ~[spring-beans-5.2.9.RELEASE.jar:5.2.9.RELEASE]
	at org.springframework.beans.factory.support.AbstractAutowireCapableBeanFactory.populateBean(AbstractAutowireCapableBeanFactory.java:1420) ~[spring-beans-5.2.9.RELEASE.jar:5.2.9.RELEASE]
	at org.springframework.beans.factory.support.AbstractAutowireCapableBeanFactory.doCreateBean(AbstractAutowireCapableBeanFactory.java:593) ~[spring-beans-5.2.9.RELEASE.jar:5.2.9.RELEASE]
	at org.springframework.beans.factory.support.AbstractAutowireCapableBeanFactory.createBean(AbstractAutowireCapableBeanFactory.java:516) ~[spring-beans-5.2.9.RELEASE.jar:5.2.9.RELEASE]
	at org.springframework.beans.factory.support.AbstractBeanFactory.lambda$doGetBean$0(AbstractBeanFactory.java:324) ~[spring-beans-5.2.9.RELEASE.jar:5.2.9.RELEASE]
	at org.springframework.beans.factory.support.DefaultSingletonBeanRegistry.getSingleton(DefaultSingletonBeanRegistry.java:234) ~[spring-beans-5.2.9.RELEASE.jar:5.2.9.RELEASE]
	at org.springframework.beans.factory.support.AbstractBeanFactory.doGetBean(AbstractBeanFactory.java:322) ~[spring-beans-5.2.9.RELEASE.jar:5.2.9.RELEASE]
	at org.springframework.beans.factory.support.AbstractBeanFactory.getBean(AbstractBeanFactory.java:202) ~[spring-beans-5.2.9.RELEASE.jar:5.2.9.RELEASE]
	at org.springframework.beans.factory.config.DependencyDescriptor.resolveCandidate(DependencyDescriptor.java:276) ~[spring-beans-5.2.9.RELEASE.jar:5.2.9.RELEASE]
	at org.springframework.beans.factory.support.DefaultListableBeanFactory.doResolveDependency(DefaultListableBeanFactory.java:1307) ~[spring-beans-5.2.9.RELEASE.jar:5.2.9.RELEASE]
	at org.springframework.beans.factory.support.DefaultListableBeanFactory.resolveDependency(DefaultListableBeanFactory.java:1227) ~[spring-beans-5.2.9.RELEASE.jar:5.2.9.RELEASE]
	at org.springframework.beans.factory.annotation.AutowiredAnnotationBeanPostProcessor$AutowiredFieldElement.inject(AutowiredAnnotationBeanPostProcessor.java:640) ~[spring-beans-5.2.9.RELEASE.jar:5.2.9.RELEASE]
	... 25 common frames omitted
Caused by: java.lang.IllegalArgumentException: Could not resolve placeholder 'ucloud.ufile.public-key' in value "${ucloud.ufile.public-key}"
	at org.springframework.util.PropertyPlaceholderHelper.parseStringValue(PropertyPlaceholderHelper.java:178) ~[spring-core-5.2.9.RELEASE.jar:5.2.9.RELEASE]
	at org.springframework.util.PropertyPlaceholderHelper.replacePlaceholders(PropertyPlaceholderHelper.java:124) ~[spring-core-5.2.9.RELEASE.jar:5.2.9.RELEASE]
	at org.springframework.core.env.AbstractPropertyResolver.doResolvePlaceholders(AbstractPropertyResolver.java:239) ~[spring-core-5.2.9.RELEASE.jar:5.2.9.RELEASE]
	at org.springframework.core.env.AbstractPropertyResolver.resolveRequiredPlaceholders(AbstractPropertyResolver.java:210) ~[spring-core-5.2.9.RELEASE.jar:5.2.9.RELEASE]
	at org.springframework.context.support.PropertySourcesPlaceholderConfigurer.lambda$processProperties$0(PropertySourcesPlaceholderConfigurer.java:175) ~[spring-context-5.2.9.RELEASE.jar:5.2.9.RELEASE]
	at org.springframework.beans.factory.support.AbstractBeanFactory.resolveEmbeddedValue(AbstractBeanFactory.java:918) ~[spring-beans-5.2.9.RELEASE.jar:5.2.9.RELEASE]
	at org.springframework.beans.factory.support.DefaultListableBeanFactory.doResolveDependency(DefaultListableBeanFactory.java:1248) ~[spring-beans-5.2.9.RELEASE.jar:5.2.9.RELEASE]
	at org.springframework.beans.factory.support.DefaultListableBeanFactory.resolveDependency(DefaultListableBeanFactory.java:1227) ~[spring-beans-5.2.9.RELEASE.jar:5.2.9.RELEASE]
	at org.springframework.beans.factory.annotation.AutowiredAnnotationBeanPostProcessor$AutowiredFieldElement.inject(AutowiredAnnotationBeanPostProcessor.java:640) ~[spring-beans-5.2.9.RELEASE.jar:5.2.9.RELEASE]
	at org.springframework.beans.factory.annotation.InjectionMetadata.inject(InjectionMetadata.java:130) ~[spring-beans-5.2.9.RELEASE.jar:5.2.9.RELEASE]
	at org.springframework.beans.factory.annotation.AutowiredAnnotationBeanPostProcessor.postProcessProperties(AutowiredAnnotationBeanPostProcessor.java:399) ~[spring-beans-5.2.9.RELEASE.jar:5.2.9.RELEASE]
	... 36 common frames omitted

2021-01-08 11:24:32.851  INFO 3084 --- [restartedMain] c.c.shequdemo.ShequdemoApplication       : Starting ShequdemoApplication on 10_0_8_2 with PID 3084 (C:\shequdemo\shequdemo\target\classes started by Administrator in C:\shequdemo\shequdemo)
2021-01-08 11:24:32.851  INFO 3084 --- [restartedMain] c.c.shequdemo.ShequdemoApplication       : No active profile set, falling back to default profiles: default
2021-01-08 11:24:32.914  INFO 3084 --- [restartedMain] .e.DevToolsPropertyDefaultsPostProcessor : Devtools property defaults active! Set 'spring.devtools.add-properties' to 'false' to disable
2021-01-08 11:24:32.914  INFO 3084 --- [restartedMain] .e.DevToolsPropertyDefaultsPostProcessor : For additional web related logging consider setting the 'logging.level.web' property to 'DEBUG'
2021-01-08 11:24:34.351  INFO 3084 --- [restartedMain] o.s.b.w.embedded.tomcat.TomcatWebServer  : Tomcat initialized with port(s): 80 (http)
2021-01-08 11:24:34.351  INFO 3084 --- [restartedMain] o.apache.catalina.core.StandardService   : Starting service [Tomcat]
2021-01-08 11:24:34.351  INFO 3084 --- [restartedMain] org.apache.catalina.core.StandardEngine  : Starting Servlet engine: [Apache Tomcat/9.0.38]
2021-01-08 11:24:34.695  INFO 3084 --- [restartedMain] o.a.c.c.C.[Tomcat].[localhost].[/]       : Initializing Spring embedded WebApplicationContext
2021-01-08 11:24:34.695  INFO 3084 --- [restartedMain] w.s.c.ServletWebServerApplicationContext : Root WebApplicationContext: initialization completed in 1781 ms
2021-01-08 11:24:35.007  WARN 3084 --- [restartedMain] o.s.h.c.j.Jackson2ObjectMapperBuilder    : For Jackson Kotlin classes support please add "com.fasterxml.jackson.module:jackson-module-kotlin" to the classpath
2021-01-08 11:24:36.023  INFO 3084 --- [restartedMain] o.s.s.concurrent.ThreadPoolTaskExecutor  : Initializing ExecutorService 'applicationTaskExecutor'
2021-01-08 11:24:36.132  INFO 3084 --- [restartedMain] o.s.b.a.w.s.WelcomePageHandlerMapping    : Adding welcome page template: index
2021-01-08 11:24:36.461  INFO 3084 --- [restartedMain] o.s.s.c.ThreadPoolTaskScheduler          : Initializing ExecutorService 'taskScheduler'
2021-01-08 11:24:36.586  INFO 3084 --- [restartedMain] o.s.b.d.a.OptionalLiveReloadServer       : LiveReload server is running on port 35729
2021-01-08 11:24:36.695  INFO 3084 --- [restartedMain] o.s.b.w.embedded.tomcat.TomcatWebServer  : Tomcat started on port(s): 80 (http) with context path ''
2021-01-08 11:24:36.726  INFO 3084 --- [restartedMain] c.c.shequdemo.ShequdemoApplication       : Started ShequdemoApplication in 4.205 seconds (JVM running for 6.749)
2021-01-08 11:24:36.773  INFO 3084 --- [scheduling-1] com.zaxxer.hikari.HikariDataSource       : HikariPool-1 - Starting...
2021-01-08 11:24:37.664  INFO 3084 --- [scheduling-1] com.zaxxer.hikari.HikariDataSource       : HikariPool-1 - Start completed.
2021-01-08 11:24:47.523  INFO 3084 --- [http-nio-80-exec-1] o.a.c.c.C.[Tomcat].[localhost].[/]       : Initializing Spring DispatcherServlet 'dispatcherServlet'
2021-01-08 11:24:47.539  INFO 3084 --- [http-nio-80-exec-1] o.s.web.servlet.DispatcherServlet        : Initializing Servlet 'dispatcherServlet'
2021-01-08 11:24:47.539  INFO 3084 --- [http-nio-80-exec-1] o.s.web.servlet.DispatcherServlet        : Completed initialization in 0 ms
2021-01-08 11:41:38.319  INFO 3084 --- [http-nio-80-exec-7] o.apache.coyote.http11.Http11Processor   : Error parsing HTTP request header
 Note: further occurrences of HTTP request parsing errors will be logged at DEBUG level.

java.lang.IllegalArgumentException: Request header is too large
	at org.apache.coyote.http11.Http11InputBuffer.fill(Http11InputBuffer.java:777) ~[tomcat-embed-core-9.0.38.jar:9.0.38]
	at org.apache.coyote.http11.Http11InputBuffer.parseHeader(Http11InputBuffer.java:938) ~[tomcat-embed-core-9.0.38.jar:9.0.38]
	at org.apache.coyote.http11.Http11InputBuffer.parseHeaders(Http11InputBuffer.java:589) ~[tomcat-embed-core-9.0.38.jar:9.0.38]
	at org.apache.coyote.http11.Http11Processor.service(Http11Processor.java:284) ~[tomcat-embed-core-9.0.38.jar:9.0.38]
	at org.apache.coyote.AbstractProcessorLight.process(AbstractProcessorLight.java:65) [tomcat-embed-core-9.0.38.jar:9.0.38]
	at org.apache.coyote.AbstractProtocol$ConnectionHandler.process(AbstractProtocol.java:868) [tomcat-embed-core-9.0.38.jar:9.0.38]
	at org.apache.tomcat.util.net.NioEndpoint$SocketProcessor.doRun(NioEndpoint.java:1590) [tomcat-embed-core-9.0.38.jar:9.0.38]
	at org.apache.tomcat.util.net.SocketProcessorBase.run(SocketProcessorBase.java:49) [tomcat-embed-core-9.0.38.jar:9.0.38]
	at java.util.concurrent.ThreadPoolExecutor.runWorker(ThreadPoolExecutor.java:1142) [na:1.8.0_65]
	at java.util.concurrent.ThreadPoolExecutor$Worker.run(ThreadPoolExecutor.java:617) [na:1.8.0_65]
	at org.apache.tomcat.util.threads.TaskThread$WrappingRunnable.run(TaskThread.java:61) [tomcat-embed-core-9.0.38.jar:9.0.38]
	at java.lang.Thread.run(Thread.java:745) [na:1.8.0_65]

